<?xml version="1.0" encoding="UTF-8"?>
<!-- Generated by org.testng.reporters.JUnitReportReporter -->
<testsuite hostname="LGDN14037-W7D01" name="test" tests="1" failures="0" timestamp="22 Jun 2015 11:13:09 GMT" time="0.009" errors="0">
  <testcase name="test" time="0.009" classname="test"/>
</testsuite> <!-- test -->
