<?xml version="1.0" encoding="UTF-8"?>
<!-- Generated by org.testng.reporters.JUnitReportReporter -->
<testsuite hostname="LGDN14037-W7D01" name="JoomlaTestSuite.a" tests="1" failures="0" timestamp="22 Jun 2015 11:28:04 GMT" time="0.010" errors="0">
  <testcase name="e" time="0.010" classname="JoomlaTestSuite.a"/>
</testsuite> <!-- JoomlaTestSuite.a -->
