<?xml version="1.0" encoding="UTF-8"?>
<!-- Generated by org.testng.reporters.JUnitReportReporter -->
<testsuite hostname="LGDN14037-W7D01" name="JoomlaTestSuite.Joomla" tests="1" failures="0" timestamp="23 Jun 2015 03:45:40 GMT" time="9.369" errors="0">
  <testcase name="TC001_Verify_HomePage" time="9.369" classname="JoomlaTestSuite.Joomla"/>
</testsuite> <!-- JoomlaTestSuite.Joomla -->
